2025-01-14 11:31:09 - INFO - Processing Start
2025-01-14 11:31:10 - INFO - Running SQL Query
2025-01-14 11:41:01 - INFO - SQL Query Finished
2025-01-14 11:41:26 - INFO - Connected (version 2.0, client 6.6.2.451)
2025-01-14 11:41:27 - INFO - Authentication (password) successful!
2025-01-14 11:41:27 - INFO - [chan 0] Opened sftp connection (server version 3)
2025-01-14 11:41:41 - INFO - File uploaded successfully to /PDA/PNR Automation/Daily Funding/MF_20250110.csv
2025-01-14 11:41:41 - INFO - [chan 0] sftp session closed.
2025-01-14 11:41:42 - INFO - Processing Finished
2025-01-14 14:00:10 - INFO - Processing Start
2025-01-14 14:00:10 - INFO - Running SQL Query
2025-01-14 14:14:20 - INFO - SQL Query Finished
2025-01-14 14:14:40 - INFO - Connected (version 2.0, client 6.6.2.451)
2025-01-14 14:14:41 - INFO - Authentication (password) successful!
2025-01-14 14:14:41 - INFO - [chan 0] Opened sftp connection (server version 3)
2025-01-14 14:14:56 - INFO - File uploaded successfully to /PDA/PNR Automation/Daily Funding/MF_20250113.csv
2025-01-14 14:14:56 - INFO - [chan 0] sftp session closed.
2025-01-14 14:14:56 - INFO - Processing Finished
2025-01-14 15:37:04 - INFO - Processing Start
2025-01-14 15:37:05 - INFO - Running SQL Query
2025-01-14 15:53:25 - INFO - SQL Query Finished
2025-01-14 15:54:47 - INFO - Connected (version 2.0, client 6.6.2.451)
2025-01-14 15:54:49 - INFO - Authentication (password) successful!
2025-01-14 15:54:50 - INFO - [chan 0] Opened sftp connection (server version 3)
2025-01-14 15:55:05 - INFO - File uploaded successfully to /PDA/PNR Automation/Daily Funding/MF_20250113.csv
2025-01-14 15:55:05 - INFO - [chan 0] sftp session closed.
2025-01-14 15:55:06 - INFO - Processing Finished
